{
  "RSpec": {
    "coverage": {
      "/mnt/d/GitHub/cvwo-assignment-2017/app/helpers/application_helper.rb": [
        1,
        null
      ],
      "/mnt/d/GitHub/cvwo-assignment-2017/app/controllers/categories_controller.rb": [
        null,
        null,
        1,
        1,
        2,
        null,
        null,
        1,
        2,
        null,
        null,
        1,
        4,
        4,
        2,
        null,
        2,
        2,
        2,
        null,
        null,
        null,
        1,
        3,
        null,
        null,
        1,
        4,
        4,
        2,
        null,
        2,
        2,
        2,
        null,
        null,
        null,
        1,
        2,
        2,
        null,
        null,
        1,
        null,
        1,
        8,
        null,
        null
      ],
      "/mnt/d/GitHub/cvwo-assignment-2017/app/controllers/application_controller.rb": [
        1,
        1,
        null
      ],
      "/mnt/d/GitHub/cvwo-assignment-2017/app/controllers/tasks_controller.rb": [
        null,
        null,
        1,
        1,
        null,
        null,
        1,
        0,
        0,
        0,
        0,
        null,
        0,
        null,
        0,
        null,
        null,
        1,
        2,
        null,
        null,
        1,
        2,
        null,
        null,
        1,
        23,
        23,
        23,
        21,
        null,
        2,
        2,
        2,
        null,
        null,
        null,
        1,
        3,
        null,
        null,
        1,
        11,
        11,
        11,
        5,
        null,
        6,
        6,
        6,
        null,
        null,
        null,
        1,
        2,
        2,
        null,
        null,
        1,
        2,
        2,
        2,
        2,
        null,
        null,
        1,
        null,
        null,
        1,
        34,
        null,
        null,
        null,
        1,
        2,
        null,
        null,
        null,
        1,
        2,
        null,
        null,
        null,
        1,
        44,
        34,
        34,
        34,
        null,
        34,
        35,
        35,
        null,
        null,
        34,
        2,
        2,
        null,
        null,
        null
      ],
      "/mnt/d/GitHub/cvwo-assignment-2017/app/models/category.rb": [
        null,
        null,
        null,
        null,
        null,
        null,
        null,
        null,
        null,
        null,
        null,
        null,
        1,
        1,
        1,
        1,
        null
      ],
      "/mnt/d/GitHub/cvwo-assignment-2017/app/models/application_record.rb": [
        1,
        1,
        null
      ],
      "/mnt/d/GitHub/cvwo-assignment-2017/app/models/task.rb": [
        null,
        null,
        null,
        null,
        null,
        null,
        null,
        null,
        null,
        null,
        null,
        null,
        null,
        null,
        null,
        1,
        1,
        1,
        1,
        null
      ],
      "/mnt/d/GitHub/cvwo-assignment-2017/app/models/taskcategory.rb": [
        null,
        null,
        null,
        null,
        null,
        null,
        null,
        null,
        null,
        null,
        null,
        1,
        1,
        1,
        null
      ],
      "/mnt/d/GitHub/cvwo-assignment-2017/app/channels/application_cable/channel.rb": [
        0,
        0,
        0,
        0
      ],
      "/mnt/d/GitHub/cvwo-assignment-2017/app/channels/application_cable/connection.rb": [
        0,
        0,
        0,
        0
      ],
      "/mnt/d/GitHub/cvwo-assignment-2017/app/jobs/application_job.rb": [
        0,
        0
      ],
      "/mnt/d/GitHub/cvwo-assignment-2017/app/mailers/application_mailer.rb": [
        0,
        0,
        0,
        0
      ]
    },
    "timestamp": 1515049213
  }
}
